[15:20:42] [main/INFO]: Setting user: Player274
[15:20:47] [main/WARN]: Skipping bad option: lastServer:
[15:20:47] [main/INFO]: LWJGL Version: 2.9.4
[15:20:50] [main/INFO]: Reloading ResourceManager: Default, FMLFileResourcePack:Forge Mod Loader, FMLFileResourcePack:Minecraft Forge, FMLFileResourcePack:Baubles
[15:20:53] [Sound Library Loader/INFO]: Starting up SoundSystem...
[15:20:53] [Thread-5/INFO]: Initializing LWJGL OpenAL
[15:20:53] [Thread-5/INFO]: (The LWJGL binding of OpenAL.  For more information, see http://www.lwjgl.org)
[15:20:53] [Thread-5/INFO]: OpenAL initialized.
[15:20:54] [Sound Library Loader/INFO]: Sound engine started
[15:20:57] [main/INFO]: Created: 512x512 textures-atlas
[15:20:59] [main/WARN]: Skipping bad option: lastServer:
[15:20:59] [main/INFO]: Narrator library for x64 successfully loaded
[15:21:01] [Realms Notification Availability checker #1/INFO]: Could not authorize you against Realms server: Invalid session id
[15:21:03] [Server thread/INFO]: Starting integrated minecraft server version 1.12.2
[15:21:03] [Server thread/INFO]: Generating keypair
[15:21:04] [Server thread/INFO]: Loaded 488 advancements
[15:21:04] [Server thread/INFO]: Preparing start region for level 0
[15:21:05] [Server thread/INFO]: Preparing spawn area: 40%
[15:21:06] [Server thread/INFO]: Changing view distance to 12, from 10
[15:21:11] [Server thread/INFO]: Player274[local:E:69c4b1b6] logged in with entity id 314 at (-124.55255390903591, 88.58741473403259, 291.99627562424945)
[15:21:11] [Server thread/INFO]: Player274加入了游戏
[15:21:12] [Server thread/INFO]: Saving and pausing game...
[15:21:12] [Server thread/INFO]: Saving chunks for level '新的世界'/overworld
[15:21:12] [Server thread/INFO]: Saving chunks for level '新的世界'/the_nether
[15:21:12] [Server thread/INFO]: Saving chunks for level '新的世界'/the_end
[15:21:12] [pool-2-thread-1/WARN]: Couldn't look up profile properties for com.mojang.authlib.GameProfile@1723d5a4[id=171ff2be-e113-3c14-a482-20b6c4712810,name=Player274,properties={},legacy=false]
com.mojang.authlib.exceptions.AuthenticationException: The client has sent too many requests within a certain amount of time
	at com.mojang.authlib.yggdrasil.YggdrasilAuthenticationService.makeRequest(YggdrasilAuthenticationService.java:79) ~[YggdrasilAuthenticationService.class:?]
	at com.mojang.authlib.yggdrasil.YggdrasilMinecraftSessionService.fillGameProfile(YggdrasilMinecraftSessionService.java:180) [YggdrasilMinecraftSessionService.class:?]
	at com.mojang.authlib.yggdrasil.YggdrasilMinecraftSessionService$1.load(YggdrasilMinecraftSessionService.java:60) [YggdrasilMinecraftSessionService$1.class:?]
	at com.mojang.authlib.yggdrasil.YggdrasilMinecraftSessionService$1.load(YggdrasilMinecraftSessionService.java:57) [YggdrasilMinecraftSessionService$1.class:?]
	at com.google.common.cache.LocalCache$LoadingValueReference.loadFuture(LocalCache.java:3716) [guava-21.0.jar:?]
	at com.google.common.cache.LocalCache$Segment.loadSync(LocalCache.java:2424) [guava-21.0.jar:?]
	at com.google.common.cache.LocalCache$Segment.lockedGetOrLoad(LocalCache.java:2298) [guava-21.0.jar:?]
	at com.google.common.cache.LocalCache$Segment.get(LocalCache.java:2211) [guava-21.0.jar:?]
	at com.google.common.cache.LocalCache.get(LocalCache.java:4154) [guava-21.0.jar:?]
	at com.google.common.cache.LocalCache.getOrLoad(LocalCache.java:4158) [guava-21.0.jar:?]
	at com.google.common.cache.LocalCache$LocalLoadingCache.get(LocalCache.java:5147) [guava-21.0.jar:?]
	at com.google.common.cache.LocalCache$LocalLoadingCache.getUnchecked(LocalCache.java:5153) [guava-21.0.jar:?]
	at com.mojang.authlib.yggdrasil.YggdrasilMinecraftSessionService.fillProfileProperties(YggdrasilMinecraftSessionService.java:170) [YggdrasilMinecraftSessionService.class:?]
	at net.minecraft.client.Minecraft.getProfileProperties(Minecraft.java:3172) [Minecraft.class:?]
	at net.minecraft.client.resources.SkinManager$3.run(SkinManager.java:138) [SkinManager$3.class:?]
	at java.util.concurrent.Executors$RunnableAdapter.call(Unknown Source) [?:1.8.0_151]
	at java.util.concurrent.FutureTask.run(Unknown Source) [?:1.8.0_151]
	at java.util.concurrent.ThreadPoolExecutor.runWorker(Unknown Source) [?:1.8.0_151]
	at java.util.concurrent.ThreadPoolExecutor$Worker.run(Unknown Source) [?:1.8.0_151]
	at java.lang.Thread.run(Unknown Source) [?:1.8.0_151]
[15:22:12] [Server thread/INFO]: Saving and pausing game...
[15:22:12] [Server thread/INFO]: Saving chunks for level '新的世界'/overworld
[15:22:12] [Server thread/INFO]: Saving chunks for level '新的世界'/the_nether
[15:22:12] [Server thread/INFO]: Saving chunks for level '新的世界'/the_end
[15:27:19] [Server thread/INFO]: Saving and pausing game...
[15:27:19] [Server thread/INFO]: Saving chunks for level '新的世界'/overworld
[15:27:20] [Server thread/INFO]: Saving chunks for level '新的世界'/the_nether
[15:27:20] [Server thread/INFO]: Saving chunks for level '新的世界'/the_end
[15:27:20] [Server thread/INFO]: Stopping server
[15:27:20] [Server thread/INFO]: Saving players
[15:27:20] [Server thread/INFO]: Player274 lost connection: 连接中止
[15:27:20] [Server thread/INFO]: Player274退出了游戏
[15:27:20] [Server thread/INFO]: Stopping singleplayer server as player logged out
[15:27:20] [Server thread/INFO]: Saving worlds
[15:27:20] [Server thread/INFO]: Saving chunks for level '新的世界'/overworld
[15:27:20] [Server thread/INFO]: Saving chunks for level '新的世界'/the_nether
[15:27:20] [Server thread/INFO]: Saving chunks for level '新的世界'/the_end
[15:27:22] [main/INFO]: Stopping!
[15:27:22] [main/INFO]: SoundSystem shutting down...
[15:27:22] [main/WARN]: Author: Paul Lamb, www.paulscode.com
